<?xml version="1.0" encoding="UTF-8"?>
<testng-results skipped="0" failed="0" ignored="0" total="1" passed="1">
  <reporter-output>
  </reporter-output>
  <suite name="Suite_Demo_2" duration-ms="20683" started-at="2021-08-16T16:11:28Z" finished-at="2021-08-16T16:11:49Z">
    <groups>
    </groups>
    <test name="Test_Demo_2" duration-ms="20683" started-at="2021-08-16T16:11:28Z" finished-at="2021-08-16T16:11:49Z">
      <class name="com.pack.TestMaven.ReadExcel2">
        <test-method status="PASS" signature="loadDriver()[pri:0, instance:com.pack.TestMaven.ReadExcel2@31610302]" name="loadDriver" is-config="true" duration-ms="5594" started-at="2021-08-16T16:11:28Z" finished-at="2021-08-16T16:11:33Z">
          <reporter-output>
          </reporter-output>
        </test-method> <!-- loadDriver -->
        <test-method status="PASS" signature="myTestcase()[pri:0, instance:com.pack.TestMaven.ReadExcel2@31610302]" name="myTestcase" duration-ms="14781" started-at="2021-08-16T16:11:34Z" finished-at="2021-08-16T16:11:48Z">
          <reporter-output>
          </reporter-output>
        </test-method> <!-- myTestcase -->
        <test-method status="PASS" signature="closeDriver()[pri:0, instance:com.pack.TestMaven.ReadExcel2@31610302]" name="closeDriver" is-config="true" duration-ms="223" started-at="2021-08-16T16:11:48Z" finished-at="2021-08-16T16:11:49Z">
          <reporter-output>
          </reporter-output>
        </test-method> <!-- closeDriver -->
      </class> <!-- com.pack.TestMaven.ReadExcel2 -->
    </test> <!-- Test_Demo_2 -->
  </suite> <!-- Suite_Demo_2 -->
</testng-results>
